<?xml version="1.0" encoding="UTF-8"?>
<!-- Generated by org.testng.reporters.JUnitReportReporter -->
<testsuite hostname="DESKTOP-PTO1QB8" failures="0" tests="3" name="TestNG.DataProviderEx1" time="0.031" errors="0" timestamp="2025-01-23T19:32:56 IST" skipped="0">
  <testcase classname="TestNG.DataProviderEx1" name="bookTickets" time="0.027"/>
  <system-out/>
  <testcase classname="TestNG.DataProviderEx1" name="bookTickets" time="0.002"/>
  <system-out/>
  <testcase classname="TestNG.DataProviderEx1" name="bookTickets" time="0.002"/>
  <system-out/>
</testsuite> <!-- TestNG.DataProviderEx1 -->
