<?xml version="1.0" encoding="UTF-8"?>
<!-- Generated by org.testng.reporters.JUnitReportReporter -->
<testsuite hostname="DESKTOP-PTO1QB8" failures="0" tests="1" name="TestNG.SimpleTest" time="0.023" errors="0" timestamp="2025-01-22T20:47:01 IST" skipped="0">
  <testcase classname="TestNG.SimpleTest" name="createContact" time="0.023"/>
  <system-out/>
</testsuite> <!-- TestNG.SimpleTest -->
