<?xml version="1.0" encoding="UTF-8"?>
<!-- Generated by org.testng.reporters.JUnitReportReporter -->
<testsuite hostname="DESKTOP-PTO1QB8" failures="0" tests="5" name="TestNG.SampleTest" time="0.042" errors="0" timestamp="2025-01-22T20:28:45 IST" skipped="0">
  <testcase classname="TestNG.SampleTest" name="createContact" time="0.009"/>
  <testcase classname="TestNG.SampleTest" name="createContact" time="0.006"/>
  <testcase classname="TestNG.SampleTest" name="deleteContct" time="0.003"/>
  <testcase classname="TestNG.SampleTest" name="createContact" time="0.022"/>
  <testcase classname="TestNG.SampleTest" name="modifyContact" time="0.002"/>
</testsuite> <!-- TestNG.SampleTest -->
